# JRE version: Java(TM) SE Runtime Environment (8.0_77-b03) (build 1.8.0_77-b03)
# Java VM: Java HotSpot(TM) 64-Bit Server VM (25.77-b03 mixed mode windows-amd64 compressed oops)
Heap:
 PSYoungGen      total 278528K, used 34773K [0x00000000d6f80000, 0x00000000ea600000, 0x0000000100000000)
  eden space 266752K, 8% used [0x00000000d6f80000,0x00000000d862b4d8,0x00000000e7400000)
  from space 11776K, 98% used [0x00000000e9a80000,0x00000000ea5ca070,0x00000000ea600000)
  to   space 19456K, 0% used [0x00000000e8000000,0x00000000e8000000,0x00000000e9300000)
 ParOldGen       total 60928K, used 12867K [0x0000000084e00000, 0x0000000088980000, 0x00000000d6f80000)
  object space 60928K, 21% used [0x0000000084e00000,0x0000000085a90c18,0x0000000088980000)
 Metaspace       used 10124K, capacity 10312K, committed 10496K, reserved 1058816K
  class space    used 1181K, capacity 1254K, committed 1280K, reserved 1048576K
GC Heap History (10 events):
Event: 653.747 GC heap before
{Heap before GC invocations=2714 (full 28):
 PSYoungGen      total 223232K, used 218360K [0x00000000d6f80000, 0x00000000e8580000, 0x0000000100000000)
  eden space 203264K, 100% used [0x00000000d6f80000,0x00000000e3600000,0x00000000e3600000)
  from space 19968K, 75% used [0x00000000e3600000,0x00000000e44be080,0x00000000e4980000)
  to   space 20480K, 0% used [0x00000000e7180000,0x00000000e7180000,0x00000000e8580000)
 ParOldGen       total 60928K, used 12867K [0x0000000084e00000, 0x0000000088980000, 0x00000000d6f80000)
  object space 60928K, 21% used [0x0000000084e00000,0x0000000085a90c18,0x0000000088980000)
 Metaspace       used 10123K, capacity 10312K, committed 10496K, reserved 1058816K
  class space    used 1181K, capacity 1254K, committed 1280K, reserved 1048576K
Event: 653.749 GC heap after
Heap after GC invocations=2714 (full 28):
 PSYoungGen      total 263168K, used 9096K [0x00000000d6f80000, 0x00000000e8500000, 0x0000000100000000)
  eden space 243200K, 0% used [0x00000000d6f80000,0x00000000d6f80000,0x00000000e5d00000)
  from space 19968K, 45% used [0x00000000e7180000,0x00000000e7a62050,0x00000000e8500000)
  to   space 20480K, 0% used [0x00000000e5d00000,0x00000000e5d00000,0x00000000e7100000)
 ParOldGen       total 60928K, used 12867K [0x0000000084e00000, 0x0000000088980000, 0x00000000d6f80000)
  object space 60928K, 21% used [0x0000000084e00000,0x0000000085a90c18,0x0000000088980000)
 Metaspace       used 10123K, capacity 10312K, committed 10496K, reserved 1058816K
  class space    used 1181K, capacity 1254K, committed 1280K, reserved 1048576K
}
Event: 654.042 GC heap before
{Heap before GC invocations=2715 (full 28):
 PSYoungGen      total 263168K, used 252296K [0x00000000d6f80000, 0x00000000e8500000, 0x0000000100000000)
  eden space 243200K, 100% used [0x00000000d6f80000,0x00000000e5d00000,0x00000000e5d00000)
  from space 19968K, 45% used [0x00000000e7180000,0x00000000e7a62050,0x00000000e8500000)
  to   space 20480K, 0% used [0x00000000e5d00000,0x00000000e5d00000,0x00000000e7100000)
 ParOldGen       total 60928K, used 12867K [0x0000000084e00000, 0x0000000088980000, 0x00000000d6f80000)
  object space 60928K, 21% used [0x0000000084e00000,0x0000000085a90c18,0x0000000088980000)
 Metaspace       used 10123K, capacity 10312K, committed 10496K, reserved 1058816K
  class space    used 1181K, capacity 1254K, committed 1280K, reserved 1048576K
Event: 654.044 GC heap after
Heap after GC invocations=2715 (full 28):
 PSYoungGen      total 263680K, used 9696K [0x00000000d6f80000, 0x00000000eb280000, 0x0000000100000000)
  eden space 243200K, 0% used [0x00000000d6f80000,0x00000000d6f80000,0x00000000e5d00000)
  from space 20480K, 47% used [0x00000000e5d00000,0x00000000e6678060,0x00000000e7100000)
  to   space 19968K, 0% used [0x00000000e9f00000,0x00000000e9f00000,0x00000000eb280000)
 ParOldGen       total 60928K, used 12867K [0x0000000084e00000, 0x0000000088980000, 0x00000000d6f80000)
  object space 60928K, 21% used [0x0000000084e00000,0x0000000085a90c18,0x0000000088980000)
 Metaspace       used 10123K, capacity 10312K, committed 10496K, reserved 1058816K
  class space    used 1181K, capacity 1254K, committed 1280K, reserved 1048576K
}
Event: 654.339 GC heap before
{Heap before GC invocations=2716 (full 28):
 PSYoungGen      total 263680K, used 252896K [0x00000000d6f80000, 0x00000000eb280000, 0x0000000100000000)
  eden space 243200K, 100% used [0x00000000d6f80000,0x00000000e5d00000,0x00000000e5d00000)
  from space 20480K, 47% used [0x00000000e5d00000,0x00000000e6678060,0x00000000e7100000)
  to   space 19968K, 0% used [0x00000000e9f00000,0x00000000e9f00000,0x00000000eb280000)
 ParOldGen       total 60928K, used 12867K [0x0000000084e00000, 0x0000000088980000, 0x00000000d6f80000)
  object space 60928K, 21% used [0x0000000084e00000,0x0000000085a90c18,0x0000000088980000)
 Metaspace       used 10123K, capacity 10312K, committed 10496K, reserved 1058816K
  class space    used 1181K, capacity 1254K, committed 1280K, reserved 1048576K
Event: 654.342 GC heap after
Heap after GC invocations=2716 (full 28):
 PSYoungGen      total 309760K, used 9696K [0x00000000d6f80000, 0x00000000eb180000, 0x0000000100000000)
  eden space 290816K, 0% used [0x00000000d6f80000,0x00000000d6f80000,0x00000000e8b80000)
  from space 18944K, 51% used [0x00000000e9f00000,0x00000000ea878060,0x00000000eb180000)
  to   space 19456K, 0% used [0x00000000e8b80000,0x00000000e8b80000,0x00000000e9e80000)
 ParOldGen       total 60928K, used 12867K [0x0000000084e00000, 0x0000000088980000, 0x00000000d6f80000)
  object space 60928K, 21% used [0x0000000084e00000,0x0000000085a90c18,0x0000000088980000)
 Metaspace       used 10123K, capacity 10312K, committed 10496K, reserved 1058816K
  class space    used 1181K, capacity 1254K, committed 1280K, reserved 1048576K
}
Event: 654.687 GC heap before
{Heap before GC invocations=2717 (full 28):
 PSYoungGen      total 309760K, used 299439K [0x00000000d6f80000, 0x00000000eb180000, 0x0000000100000000)
  eden space 290816K, 99% used [0x00000000d6f80000,0x00000000e8a73f98,0x00000000e8b80000)
  from space 18944K, 51% used [0x00000000e9f00000,0x00000000ea878060,0x00000000eb180000)
  to   space 19456K, 0% used [0x00000000e8b80000,0x00000000e8b80000,0x00000000e9e80000)
 ParOldGen       total 60928K, used 12867K [0x0000000084e00000, 0x0000000088980000, 0x00000000d6f80000)
  object space 60928K, 21% used [0x0000000084e00000,0x0000000085a90c18,0x0000000088980000)
 Metaspace       used 10123K, capacity 10312K, committed 10496K, reserved 1058816K
  class space    used 1181K, capacity 1254K, committed 1280K, reserved 1048576K
Event: 654.690 GC heap after
Heap after GC invocations=2717 (full 28):
 PSYoungGen      total 293888K, used 15096K [0x00000000d6f80000, 0x00000000ea680000, 0x0000000100000000)
  eden space 278528K, 0% used [0x00000000d6f80000,0x00000000d6f80000,0x00000000e7f80000)
  from space 15360K, 98% used [0x00000000e8b80000,0x00000000e9a3e080,0x00000000e9a80000)
  to   space 12288K, 0% used [0x00000000e9a80000,0x00000000e9a80000,0x00000000ea680000)
 ParOldGen       total 60928K, used 12867K [0x0000000084e00000, 0x0000000088980000, 0x00000000d6f80000)
  object space 60928K, 21% used [0x0000000084e00000,0x0000000085a90c18,0x0000000088980000)
 Metaspace       used 10123K, capacity 10312K, committed 10496K, reserved 1058816K
  class space    used 1181K, capacity 1254K, committed 1280K, reserved 1048576K
}
Event: 655.036 GC heap before
{Heap before GC invocations=2718 (full 28):
 PSYoungGen      total 293888K, used 293624K [0x00000000d6f80000, 0x00000000ea680000, 0x0000000100000000)
  eden space 278528K, 100% used [0x00000000d6f80000,0x00000000e7f80000,0x00000000e7f80000)
  from space 15360K, 98% used [0x00000000e8b80000,0x00000000e9a3e080,0x00000000e9a80000)
  to   space 12288K, 0% used [0x00000000e9a80000,0x00000000e9a80000,0x00000000ea680000)
 ParOldGen       total 60928K, used 12867K [0x0000000084e00000, 0x0000000088980000, 0x00000000d6f80000)
  object space 60928K, 21% used [0x0000000084e00000,0x0000000085a90c18,0x0000000088980000)
 Metaspace       used 10124K, capacity 10312K, committed 10496K, reserved 1058816K
  class space    used 1181K, capacity 1254K, committed 1280K, reserved 1048576K
Event: 655.038 GC heap after
Heap after GC invocations=2718 (full 28):
 PSYoungGen      total 278528K, used 11560K [0x00000000d6f80000, 0x00000000ea600000, 0x0000000100000000)
  eden space 266752K, 0% used [0x00000000d6f80000,0x00000000d6f80000,0x00000000e7400000)
  from space 11776K, 98% used [0x00000000e9a80000,0x00000000ea5ca070,0x00000000ea600000)
  to   space 19456K, 0% used [0x00000000e8000000,0x00000000e8000000,0x00000000e9300000)
 ParOldGen       total 60928K, used 12867K [0x0000000084e00000, 0x0000000088980000, 0x00000000d6f80000)
  object space 60928K, 21% used [0x0000000084e00000,0x0000000085a90c18,0x0000000088980000)
 Metaspace       used 10124K, capacity 10312K, committed 10496K, reserved 1058816K
  class space    used 1181K, capacity 1254K, committed 1280K, reserved 1048576K
}

